<?xml version="1.0" encoding="UTF-8"?>
<TestRun id="25089037-78e9-42e1-8605-5ebfb4d6660d" name="Garry@HOME 2018-03-11 20:29:50" runUser="Home\Garry" xmlns="http://microsoft.com/schemas/VisualStudio/TeamTest/2010">
  <Times creation="2018-03-11T20:29:50.2037258+02:00" queuing="2018-03-11T20:29:50.2037258+02:00" start="2018-03-11T20:29:41.2372129+02:00" finish="2018-03-11T20:29:50.2447281+02:00" />
  <TestSettings name="default" id="1553a543-0adb-4eff-8776-3ff1eba71447">
    <Deployment runDeploymentRoot="Garry_HOME_2018-03-11_20_29_50" />
  </TestSettings>
  <Results>
    <UnitTestResult executionId="a7d5d3e9-f127-413c-a389-15b5d476ff00" testId="2daf0387-0c32-4ca0-a43c-fec23edd5be5" testName="MusicStoreTests.TracksControllerUnitTests.Details_Values" computerName="HOME" duration="00:00:02.2270000" startTime="2018-03-11T20:29:49.6466939+02:00" endTime="2018-03-11T20:29:49.6466939+02:00" testType="13cdc9d9-ddb5-4fa4-a97d-d965ccfc6d4b" outcome="Passed" testListId="8c84fa94-04c1-424b-9868-57a2d4851a1d" relativeResultsDirectory="a7d5d3e9-f127-413c-a389-15b5d476ff00" />
  </Results>
  <TestDefinitions>
    <UnitTest name="MusicStoreTests.TracksControllerUnitTests.Details_Values" storage="c:\users\garry\desktop\c#\asp.net core\musicstore\musicstoretests\bin\debug\netcoreapp2.0\musicstoretests.dll" id="2daf0387-0c32-4ca0-a43c-fec23edd5be5">
      <Execution id="a7d5d3e9-f127-413c-a389-15b5d476ff00" />
      <TestMethod codeBase="C:\Users\Garry\Desktop\C#\ASP.NET Core\MusicStore\MusicStoreTests\bin\Debug\netcoreapp2.0\MusicStoreTests.dll" executorUriOfAdapter="executor://xunit/VsTestRunner2/netcoreapp" className="MusicStoreTests.TracksControllerUnitTests" name="MusicStoreTests.TracksControllerUnitTests.Details_Values" />
    </UnitTest>
  </TestDefinitions>
  <TestEntries>
    <TestEntry testId="2daf0387-0c32-4ca0-a43c-fec23edd5be5" executionId="a7d5d3e9-f127-413c-a389-15b5d476ff00" testListId="8c84fa94-04c1-424b-9868-57a2d4851a1d" />
  </TestEntries>
  <TestLists>
    <TestList name="Results Not in a List" id="8c84fa94-04c1-424b-9868-57a2d4851a1d" />
    <TestList name="All Loaded Results" id="19431567-8539-422a-85d7-44ee4e166bda" />
  </TestLists>
  <ResultSummary outcome="Completed">
    <Counters total="1" executed="1" passed="1" failed="0" error="0" timeout="0" aborted="0" inconclusive="0" passedButRunAborted="0" notRunnable="0" notExecuted="0" disconnected="0" warning="0" completed="0" inProgress="0" pending="0" />
    <Output>
      <StdOut>[xUnit.net 00:00:03.5698599]   Discovering: MusicStoreTests[xUnit.net 00:00:03.8176060]   Discovered:  MusicStoreTests[xUnit.net 00:00:03.8834303]   Starting:    MusicStoreTests[xUnit.net 00:00:06.6889229]   Finished:    MusicStoreTests</StdOut>
    </Output>
  </ResultSummary>
</TestRun>